生成启动时间为 2019/9/18 20:11:09。
     1>项目“C:\Users\天王李靖小锟锟\documents\visual studio 2010\Projects\基于线性表实现\基于线性表实现\基于线性表实现.vcxproj”在节点 2 上(build 个目标)。
     1>InitializeBuildStatus:
         正在对“Debug\基于线性表实现.unsuccessfulbuild”执行 Touch 任务。
       ClCompile:
         C:\Program Files (x86)\Microsoft Visual Studio 10.0\VC\bin\CL.exe /c /ZI /nologo /W3 /WX- /Od /Oy- /D WIN32 /D _DEBUG /D _CONSOLE /D _UNICODE /D UNICODE /Gm /EHsc /RTC1 /MDd /GS /fp:precise /Zc:wchar_t /Zc:forScope /Fo"Debug\\" /Fd"Debug\vc100.pdb" /Gd /TP /analyze- /errorReport:prompt doIt.cpp
         doIt.cpp
       ManifestResourceCompile:
         所有输出均为最新。
       Link:
         C:\Program Files (x86)\Microsoft Visual Studio 10.0\VC\bin\link.exe /ERRORREPORT:PROMPT /OUT:"C:\Users\天王李靖小锟锟\documents\visual studio 2010\Projects\基于线性表实现\Debug\基于线性表实现.exe" /INCREMENTAL /NOLOGO kernel32.lib user32.lib gdi32.lib winspool.lib comdlg32.lib advapi32.lib shell32.lib ole32.lib oleaut32.lib uuid.lib odbc32.lib odbccp32.lib /MANIFEST /ManifestFile:"Debug\基于线性表实现.exe.intermediate.manifest" /MANIFESTUAC:"level='asInvoker' uiAccess='false'" /DEBUG /PDB:"C:\Users\天王李靖小锟锟\documents\visual studio 2010\Projects\基于线性表实现\Debug\基于线性表实现.pdb" /SUBSYSTEM:CONSOLE /TLBID:1 /DYNAMICBASE /NXCOMPAT /IMPLIB:"C:\Users\天王李靖小锟锟\documents\visual studio 2010\Projects\基于线性表实现\Debug\基于线性表实现.lib" /MACHINE:X86 "Debug\基于线性表实现.exe.embed.manifest.res"
         Debug\doIt.obj
         Debug\list.obj
         Debug\mainStreen.obj
         "Debug\线性表实现.obj"
     1>doIt.obj : error LNK2019: 无法解析的外部符号 "public: int __thiscall SqList<class student>::InsertElem(class student const &)" (?InsertElem@?$SqList@Vstudent@@@@QAEHABVstudent@@@Z)，该符号在函数 "void __cdecl add(void)" (?add@@YAXXZ) 中被引用
     1>doIt.obj : error LNK2019: 无法解析的外部符号 "public: __thiscall SqList<class student>::SqList<class student>(int)" (??0?$SqList@Vstudent@@@@QAE@H@Z)，该符号在函数 "void __cdecl `dynamic initializer for 'stulist''(void)" (??__Estulist@@YAXXZ) 中被引用
     1>doIt.obj : error LNK2019: 无法解析的外部符号 "public: virtual __thiscall SqList<class student>::~SqList<class student>(void)" (??1?$SqList@Vstudent@@@@UAE@XZ)，该符号在函数 "void __cdecl `dynamic atexit destructor for 'stulist''(void)" (??__Fstulist@@YAXXZ) 中被引用
     1>线性表实现.obj : error LNK2019: 无法解析的外部符号 "void __cdecl find(void)" (?find@@YAXXZ)，该符号在函数 _main 中被引用
     1>C:\Users\天王李靖小锟锟\documents\visual studio 2010\Projects\基于线性表实现\Debug\基于线性表实现.exe : fatal error LNK1120: 4 个无法解析的外部命令
     1>已完成生成项目“C:\Users\天王李靖小锟锟\documents\visual studio 2010\Projects\基于线性表实现\基于线性表实现\基于线性表实现.vcxproj”(build 个目标)的操作 - 失败。

生成失败。

已用时间 00:00:01.30
