生成启动时间为 2019/10/4 15:20:50。
     1>项目“C:\Users\天王李靖小锟锟\documents\visual studio 2010\Projects\简易计算器_链表实现\简易计算器_链表实现\简易计算器_链表实现.vcxproj”在节点 2 上(build 个目标)。
     1>InitializeBuildStatus:
         正在创建“Debug\简易计算器_链表实现.unsuccessfulbuild”，因为已指定“AlwaysCreate”。
       ClCompile:
         C:\Program Files (x86)\Microsoft Visual Studio 10.0\VC\bin\CL.exe /c /ZI /nologo /W3 /WX- /Od /Oy- /D WIN32 /D _DEBUG /D _CONSOLE /D _UNICODE /D UNICODE /Gm /EHsc /RTC1 /MDd /GS /fp:precise /Zc:wchar_t /Zc:forScope /Fo"Debug\\" /Fd"Debug\vc100.pdb" /Gd /TP /analyze- /errorReport:prompt main.cpp
         main.cpp
     1>c:\users\天王李靖小锟锟\documents\visual studio 2010\projects\简易计算器_链表实现\简易计算器_链表实现\main.cpp(38): warning C4018: “<”: 有符号/无符号不匹配
     1>c:\users\天王李靖小锟锟\documents\visual studio 2010\projects\简易计算器_链表实现\简易计算器_链表实现\main.cpp(46): warning C4018: “<”: 有符号/无符号不匹配
     1>c:\users\天王李靖小锟锟\documents\visual studio 2010\projects\简易计算器_链表实现\简易计算器_链表实现\main.cpp(35): warning C4715: “get”: 不是所有的控件路径都返回值
       ManifestResourceCompile:
         所有输出均为最新。
       Link:
         C:\Program Files (x86)\Microsoft Visual Studio 10.0\VC\bin\link.exe /ERRORREPORT:PROMPT /OUT:"C:\Users\天王李靖小锟锟\documents\visual studio 2010\Projects\简易计算器_链表实现\Debug\简易计算器_链表实现.exe" /INCREMENTAL /NOLOGO kernel32.lib user32.lib gdi32.lib winspool.lib comdlg32.lib advapi32.lib shell32.lib ole32.lib oleaut32.lib uuid.lib odbc32.lib odbccp32.lib /MANIFEST /ManifestFile:"Debug\简易计算器_链表实现.exe.intermediate.manifest" /MANIFESTUAC:"level='asInvoker' uiAccess='false'" /DEBUG /PDB:"C:\Users\天王李靖小锟锟\documents\visual studio 2010\Projects\简易计算器_链表实现\Debug\简易计算器_链表实现.pdb" /SUBSYSTEM:CONSOLE /TLBID:1 /DYNAMICBASE /NXCOMPAT /IMPLIB:"C:\Users\天王李靖小锟锟\documents\visual studio 2010\Projects\简易计算器_链表实现\Debug\简易计算器_链表实现.lib" /MACHINE:X86 "Debug\简易计算器_链表实现.exe.embed.manifest.res"
         Debug\main.obj
       Manifest:
         C:\Program Files (x86)\Microsoft SDKs\Windows\v7.0A\bin\mt.exe /nologo /verbose /out:"Debug\简易计算器_链表实现.exe.embed.manifest" /manifest "Debug\简易计算器_链表实现.exe.intermediate.manifest"
         所有输出均为最新。
       LinkEmbedManifest:
         所有输出均为最新。
         简易计算器_链表实现.vcxproj -> C:\Users\天王李靖小锟锟\documents\visual studio 2010\Projects\简易计算器_链表实现\Debug\简易计算器_链表实现.exe
       FinalizeBuildStatus:
         正在删除文件“Debug\简易计算器_链表实现.unsuccessfulbuild”。
         正在对“Debug\简易计算器_链表实现.lastbuildstate”执行 Touch 任务。
     1>已完成生成项目“C:\Users\天王李靖小锟锟\documents\visual studio 2010\Projects\简易计算器_链表实现\简易计算器_链表实现\简易计算器_链表实现.vcxproj”(build 个目标)的操作。

生成成功。

已用时间 00:00:01.54
