生成启动时间为 2019/9/23 18:12:09。
     1>项目“C:\Users\天王李靖小锟锟\documents\visual studio 2010\Projects\基于链表实现\基于链表实现\基于链表实现.vcxproj”在节点 2 上(build 个目标)。
     1>InitializeBuildStatus:
         正在创建“Debug\基于链表实现.unsuccessfulbuild”，因为已指定“AlwaysCreate”。
       ClCompile:
         C:\Program Files (x86)\Microsoft Visual Studio 10.0\VC\bin\CL.exe /c /ZI /nologo /W3 /WX- /Od /Oy- /D WIN32 /D _DEBUG /D _CONSOLE /D _UNICODE /D UNICODE /Gm /EHsc /RTC1 /MDd /GS /fp:precise /Zc:wchar_t /Zc:forScope /Fo"Debug\\" /Fd"Debug\vc100.pdb" /Gd /TP /analyze- /errorReport:prompt "基于链表实现.cpp"
         基于链表实现.cpp
     1>c:\users\天王李靖小锟锟\documents\visual studio 2010\projects\基于链表实现\基于链表实现\linklist.h(110): warning C4715: “LinkList<student>::GetElem”: 不是所有的控件路径都返回值
     1>c:\users\天王李靖小锟锟\documents\visual studio 2010\projects\基于链表实现\基于链表实现\linklist.h(123): warning C4715: “LinkList<student>::SetElem”: 不是所有的控件路径都返回值
     1>c:\users\天王李靖小锟锟\documents\visual studio 2010\projects\基于链表实现\基于链表实现\linklist.h(145): warning C4715: “LinkList<student>::DeleteElem”: 不是所有的控件路径都返回值
       ManifestResourceCompile:
         所有输出均为最新。
       Link:
         C:\Program Files (x86)\Microsoft Visual Studio 10.0\VC\bin\link.exe /ERRORREPORT:PROMPT /OUT:"C:\Users\天王李靖小锟锟\documents\visual studio 2010\Projects\基于链表实现\Debug\基于链表实现.exe" /INCREMENTAL /NOLOGO kernel32.lib user32.lib gdi32.lib winspool.lib comdlg32.lib advapi32.lib shell32.lib ole32.lib oleaut32.lib uuid.lib odbc32.lib odbccp32.lib /MANIFEST /ManifestFile:"Debug\基于链表实现.exe.intermediate.manifest" /MANIFESTUAC:"level='asInvoker' uiAccess='false'" /DEBUG /PDB:"C:\Users\天王李靖小锟锟\documents\visual studio 2010\Projects\基于链表实现\Debug\基于链表实现.pdb" /SUBSYSTEM:CONSOLE /TLBID:1 /DYNAMICBASE /NXCOMPAT /IMPLIB:"C:\Users\天王李靖小锟锟\documents\visual studio 2010\Projects\基于链表实现\Debug\基于链表实现.lib" /MACHINE:X86 "Debug\基于链表实现.exe.embed.manifest.res"
         Debug\mainScreen.obj
         "Debug\基于链表实现.obj"
       Manifest:
         C:\Program Files (x86)\Microsoft SDKs\Windows\v7.0A\bin\mt.exe /nologo /verbose /out:"Debug\基于链表实现.exe.embed.manifest" /manifest "Debug\基于链表实现.exe.intermediate.manifest"
         所有输出均为最新。
       LinkEmbedManifest:
         所有输出均为最新。
         基于链表实现.vcxproj -> C:\Users\天王李靖小锟锟\documents\visual studio 2010\Projects\基于链表实现\Debug\基于链表实现.exe
       FinalizeBuildStatus:
         正在删除文件“Debug\基于链表实现.unsuccessfulbuild”。
         正在对“Debug\基于链表实现.lastbuildstate”执行 Touch 任务。
     1>已完成生成项目“C:\Users\天王李靖小锟锟\documents\visual studio 2010\Projects\基于链表实现\基于链表实现\基于链表实现.vcxproj”(build 个目标)的操作。

生成成功。

已用时间 00:00:01.13
